Add Component: Footprint Not Found SMD 0402 (1005) max
Add Component: Footprint Not Found SMD 0603 (1608) min
Add Component: Footprint Not Found SMD 0603 (1608) min
Add Component: Footprint Not Found SMD 0603 (1608) min
Add Component: Footprint Not Found SMD 0603 (1608) min
Add Component: Footprint Not Found SMD 0603 (1608) min
Add Component: Footprint Not Found SMD 0603 (1608) min
Add Component: Footprint Not Found SMD 0603 (1608) min
Add Component: Footprint Not Found SMD 0603 (1608) min
Add Component: Footprint Not Found SMD 0603 (1608) min
Add Component: Footprint Not Found SMD 0603 (1608) min
Add Component: Footprint Not Found SMD 0603 (1608) min
Add Component: Footprint Not Found SMD 0603 (1608) min
Add Component: Footprint Not Found SMD 0603 (1608) min
Add Component: Footprint Not Found SMD 0603 (1608) min
Add Component: Footprint Not Found SMD 0603 (1608) min
Add Component: Footprint Not Found SMD 0603 (1608) min
Add Component: Footprint Not Found SMD 0603 (1608) min
Add Component: Footprint Not Found SMD 0603 (1608) min
Add Component: Footprint Not Found SMD 0603 (1608) min
Add Component: Footprint Not Found SMD 0603 (1608) min
Add Component: Footprint Not Found SMD 0603 (1608) max
Add Component: Footprint Not Found Resistor SMD 0603 (1608) min
Add Component: Footprint Not Found 0603R-4K7
Add Component: Footprint Not Found 0603R-4K7
Add Component: Footprint Not Found 0603R-4K7
Add Component: Footprint Not Found Resistor SMD 0603 (1608) min
Add Pin To Net: Unknown Pin: Pin C1-1
Add Pin To Net: Unknown Pin: Pin C1-2
Add Pin To Net: Unknown Pin: Pin C2-1
Add Pin To Net: Unknown Pin: Pin C2-2
Add Pin To Net: Unknown Pin: Pin C3-1
Add Pin To Net: Unknown Pin: Pin C3-2
Add Pin To Net: Unknown Pin: Pin C4-1
Add Pin To Net: Unknown Pin: Pin C4-2
Add Pin To Net: Unknown Pin: Pin C5-1
Add Pin To Net: Unknown Pin: Pin C5-2
Add Pin To Net: Unknown Pin: Pin C6-1
Add Pin To Net: Unknown Pin: Pin C6-2
Add Pin To Net: Unknown Pin: Pin C7-1
Add Pin To Net: Unknown Pin: Pin C7-2
Add Pin To Net: Unknown Pin: Pin C8-1
Add Pin To Net: Unknown Pin: Pin C8-2
Add Pin To Net: Unknown Pin: Pin C9-1
Add Pin To Net: Unknown Pin: Pin C9-2
Add Pin To Net: Unknown Pin: Pin C10-1
Add Pin To Net: Unknown Pin: Pin C10-2
Add Pin To Net: Unknown Pin: Pin C11-1
Add Pin To Net: Unknown Pin: Pin C11-2
Add Pin To Net: Unknown Pin: Pin C12-1
Add Pin To Net: Unknown Pin: Pin C12-2
Add Pin To Net: Unknown Pin: Pin C13-1
Add Pin To Net: Unknown Pin: Pin C13-2
Add Pin To Net: Unknown Pin: Pin C14-1
Add Pin To Net: Unknown Pin: Pin C14-2
Add Pin To Net: Unknown Pin: Pin C15-1
Add Pin To Net: Unknown Pin: Pin C15-2
Add Pin To Net: Unknown Pin: Pin C16-1
Add Pin To Net: Unknown Pin: Pin C16-2
Add Pin To Net: Unknown Pin: Pin C17-1
Add Pin To Net: Unknown Pin: Pin C17-2
Add Pin To Net: Unknown Pin: Pin C18-1
Add Pin To Net: Unknown Pin: Pin C18-2
Add Pin To Net: Unknown Pin: Pin C19-1
Add Pin To Net: Unknown Pin: Pin C19-2
Add Pin To Net: Unknown Pin: Pin C20-1
Add Pin To Net: Unknown Pin: Pin C20-2
Add Pin To Net: Unknown Pin: Pin C21-1
Add Pin To Net: Unknown Pin: Pin C21-2
Add Pin To Net: Unknown Pin: Pin C22-1
Add Pin To Net: Unknown Pin: Pin C22-2
Add Pin To Net: Unknown Pin: Pin R1-1
Add Pin To Net: Unknown Pin: Pin R1-2
Add Pin To Net: Unknown Pin: Pin R2-1
Add Pin To Net: Unknown Pin: Pin R2-2
Add Pin To Net: Unknown Pin: Pin R3-1
Add Pin To Net: Unknown Pin: Pin R3-2
Add Pin To Net: Unknown Pin: Pin R4-1
Add Pin To Net: Unknown Pin: Pin R4-2
Add Pin To Net: Unknown Pin: Pin R5-1
Add Pin To Net: Unknown Pin: Pin R5-2
Add Class Member: Failed to add class member : Component C1 Capacitors
Add Class Member: Failed to add class member : Component C2 Capacitors
Add Class Member: Failed to add class member : Component C3 Capacitors
Add Class Member: Failed to add class member : Component C4 Capacitors
Add Class Member: Failed to add class member : Component C5 Capacitors
Add Class Member: Failed to add class member : Component C6 Capacitors
Add Class Member: Failed to add class member : Component C7 Capacitors
Add Class Member: Failed to add class member : Component C8 Capacitors
Add Class Member: Failed to add class member : Component C9 Capacitors
Add Class Member: Failed to add class member : Component C10 Capacitors
Add Class Member: Failed to add class member : Component C11 Capacitors
Add Class Member: Failed to add class member : Component C12 Capacitors
Add Class Member: Failed to add class member : Component C13 Capacitors
Add Class Member: Failed to add class member : Component C14 Capacitors
Add Class Member: Failed to add class member : Component C15 Capacitors
Add Class Member: Failed to add class member : Component C16 Capacitors
Add Class Member: Failed to add class member : Component C17 Capacitors
Add Class Member: Failed to add class member : Component C18 Capacitors
Add Class Member: Failed to add class member : Component C19 Capacitors
Add Class Member: Failed to add class member : Component C20 Capacitors
Add Class Member: Failed to add class member : Component C21 Capacitors
Add Class Member: Failed to add class member : Component C22 Capacitors
Add Class Member: Failed to add class member : Component R1 Resistor
Add Class Member: Failed to add class member : Component R2 4K7
Add Class Member: Failed to add class member : Component R3 680
Add Class Member: Failed to add class member : Component R4 120
Add Class Member: Failed to add class member : Component R5 Resistor
