Add Component: Footprint Not Found SMD 0402 (1005) max
Add Component: Footprint Not Found SMD 0603 (1608) min
Add Component: Footprint Not Found SMD 0603 (1608) min
Add Component: Footprint Not Found SMD 0603 (1608) min
Add Component: Footprint Not Found SMD 0603 (1608) min
Add Component: Footprint Not Found SMD 0603 (1608) min
Add Component: Footprint Not Found SMD 0603 (1608) min
Add Component: Footprint Not Found SMD 0603 (1608) min
Add Component: Footprint Not Found SMD 0603 (1608) min
Add Component: Footprint Not Found SMD 0603 (1608) min
Add Component: Footprint Not Found SMD 0603 (1608) min
Add Component: Footprint Not Found SMD 0603 (1608) min
Add Component: Footprint Not Found SMD 0603 (1608) min
Add Component: Footprint Not Found SMD 0603 (1608) min
Add Component: Footprint Not Found SMD 0603 (1608) min
Add Component: Footprint Not Found SMD 0603 (1608) min
Add Component: Footprint Not Found SMD 0603 (1608) min
Add Component: Footprint Not Found SMD 0603 (1608) min
Add Component: Footprint Not Found SMD 0603 (1608) min
Add Component: Footprint Not Found SMD 0603 (1608) min
Add Component: Footprint Not Found SMD 0603 (1608) min
Add Component: Footprint Not Found SMD 0603 (1608) max
Add Component: Footprint Not Found SMD 0603 (1608) min
Add Component: Footprint Not Found SMD 0603 (1608) min
Add Component: Footprint Not Found SMD 0603 (1608) min
Add Component: Footprint Not Found SMD 0603 (1608) min
Add Component: Footprint Not Found SMD 0603 (1608) min
Add Component: Footprint Not Found SMD 0603 (1608) min
Add Component: Footprint Not Found LFCSP-32  Long Pin - with VIA
Add Component: Footprint Not Found 0805_a - long_pin
Add Component: Footprint Not Found SOT-23-5
Add Component: Footprint Not Found SOT-23-5
Add Component: Footprint Not Found SOT-23-5
Add Component: Footprint Not Found SOT-23-5
Add Component: Footprint Not Found SOT-23-5
Add Component: Footprint Not Found SOT-23-5
Add Component: Footprint Not Found 0603HP
Add Component: Footprint Not Found Resistor SMD 0603 (1608) min
Add Component: Footprint Not Found 0603R-4K7
Add Component: Footprint Not Found 0603R-4K7
Add Component: Footprint Not Found 0603R-4K7
Add Component: Footprint Not Found Resistor SMD 0603 (1608) min
Add Component: Footprint Not Found J01151A0201
Add Component: Footprint Not Found DIL-8
Add Pin To Net: Unknown Pin: Pin C1-1
Add Pin To Net: Unknown Pin: Pin C1-2
Add Pin To Net: Unknown Pin: Pin C2-1
Add Pin To Net: Unknown Pin: Pin C2-2
Add Pin To Net: Unknown Pin: Pin C3-1
Add Pin To Net: Unknown Pin: Pin C3-2
Add Pin To Net: Unknown Pin: Pin C4-1
Add Pin To Net: Unknown Pin: Pin C4-2
Add Pin To Net: Unknown Pin: Pin C5-1
Add Pin To Net: Unknown Pin: Pin C5-2
Add Pin To Net: Unknown Pin: Pin C6-1
Add Pin To Net: Unknown Pin: Pin C6-2
Add Pin To Net: Unknown Pin: Pin C7-1
Add Pin To Net: Unknown Pin: Pin C7-2
Add Pin To Net: Unknown Pin: Pin C8-1
Add Pin To Net: Unknown Pin: Pin C8-2
Add Pin To Net: Unknown Pin: Pin C9-1
Add Pin To Net: Unknown Pin: Pin C9-2
Add Pin To Net: Unknown Pin: Pin C10-1
Add Pin To Net: Unknown Pin: Pin C10-2
Add Pin To Net: Unknown Pin: Pin C11-1
Add Pin To Net: Unknown Pin: Pin C11-2
Add Pin To Net: Unknown Pin: Pin C12-1
Add Pin To Net: Unknown Pin: Pin C12-2
Add Pin To Net: Unknown Pin: Pin C13-1
Add Pin To Net: Unknown Pin: Pin C13-2
Add Pin To Net: Unknown Pin: Pin C14-1
Add Pin To Net: Unknown Pin: Pin C14-2
Add Pin To Net: Unknown Pin: Pin C15-1
Add Pin To Net: Unknown Pin: Pin C15-2
Add Pin To Net: Unknown Pin: Pin C16-1
Add Pin To Net: Unknown Pin: Pin C16-2
Add Pin To Net: Unknown Pin: Pin C17-1
Add Pin To Net: Unknown Pin: Pin C17-2
Add Pin To Net: Unknown Pin: Pin C18-1
Add Pin To Net: Unknown Pin: Pin C18-2
Add Pin To Net: Unknown Pin: Pin C19-1
Add Pin To Net: Unknown Pin: Pin C19-2
Add Pin To Net: Unknown Pin: Pin C20-1
Add Pin To Net: Unknown Pin: Pin C20-2
Add Pin To Net: Unknown Pin: Pin C21-1
Add Pin To Net: Unknown Pin: Pin C21-2
Add Pin To Net: Unknown Pin: Pin C22-1
Add Pin To Net: Unknown Pin: Pin C22-2
Add Pin To Net: Unknown Pin: Pin C23-1
Add Pin To Net: Unknown Pin: Pin C23-2
Add Pin To Net: Unknown Pin: Pin C24-1
Add Pin To Net: Unknown Pin: Pin C24-2
Add Pin To Net: Unknown Pin: Pin C25-1
Add Pin To Net: Unknown Pin: Pin C25-2
Add Pin To Net: Unknown Pin: Pin C26-1
Add Pin To Net: Unknown Pin: Pin C26-2
Add Pin To Net: Unknown Pin: Pin C27-1
Add Pin To Net: Unknown Pin: Pin C27-2
Add Pin To Net: Unknown Pin: Pin C28-1
Add Pin To Net: Unknown Pin: Pin C28-2
Add Pin To Net: Unknown Pin: Pin DD1-1
Add Pin To Net: Unknown Pin: Pin DD1-2
Add Pin To Net: Unknown Pin: Pin DD1-3
Add Pin To Net: Unknown Pin: Pin DD1-4
Add Pin To Net: Unknown Pin: Pin DD1-5
Add Pin To Net: Unknown Pin: Pin DD1-6
Add Pin To Net: Unknown Pin: Pin DD1-7
Add Pin To Net: Unknown Pin: Pin DD1-8
Add Pin To Net: Unknown Pin: Pin DD1-9
Add Pin To Net: Unknown Pin: Pin DD1-10
Add Pin To Net: Unknown Pin: Pin DD1-11
Add Pin To Net: Unknown Pin: Pin DD1-12
Add Pin To Net: Unknown Pin: Pin DD1-13
Add Pin To Net: Unknown Pin: Pin DD1-16
Add Pin To Net: Unknown Pin: Pin DD1-17
Add Pin To Net: Unknown Pin: Pin DD1-18
Add Pin To Net: Unknown Pin: Pin DD1-19
Add Pin To Net: Unknown Pin: Pin DD1-20
Add Pin To Net: Unknown Pin: Pin DD1-21
Add Pin To Net: Unknown Pin: Pin DD1-22
Add Pin To Net: Unknown Pin: Pin DD1-23
Add Pin To Net: Unknown Pin: Pin DD1-24
Add Pin To Net: Unknown Pin: Pin DD1-25
Add Pin To Net: Unknown Pin: Pin DD1-26
Add Pin To Net: Unknown Pin: Pin DD1-27
Add Pin To Net: Unknown Pin: Pin DD1-28
Add Pin To Net: Unknown Pin: Pin DD1-29
Add Pin To Net: Unknown Pin: Pin DD1-30
Add Pin To Net: Unknown Pin: Pin DD1-31
Add Pin To Net: Unknown Pin: Pin DD1-32
Add Pin To Net: Unknown Pin: Pin DD1-33
Add Pin To Net: Unknown Pin: Pin DD2-1
Add Pin To Net: Unknown Pin: Pin DD2-2
Add Pin To Net: Unknown Pin: Pin DD2-3
Add Pin To Net: Unknown Pin: Pin DD2-4
Add Pin To Net: Unknown Pin: Pin DD2-5
Add Pin To Net: Unknown Pin: Pin DD2-6
Add Pin To Net: Unknown Pin: Pin DD3-3
Add Pin To Net: Unknown Pin: Pin DD3-5
Add Pin To Net: Unknown Pin: Pin DD4-3
Add Pin To Net: Unknown Pin: Pin DD4-5
Add Pin To Net: Unknown Pin: Pin DD5-3
Add Pin To Net: Unknown Pin: Pin DD5-5
Add Pin To Net: Unknown Pin: Pin DD6-3
Add Pin To Net: Unknown Pin: Pin DD6-5
Add Pin To Net: Unknown Pin: Pin DD7-3
Add Pin To Net: Unknown Pin: Pin DD7-5
Add Pin To Net: Unknown Pin: Pin DD8-3
Add Pin To Net: Unknown Pin: Pin DD8-5
Add Pin To Net: Unknown Pin: Pin L1-1
Add Pin To Net: Unknown Pin: Pin L1-2
Add Pin To Net: Unknown Pin: Pin R1-1
Add Pin To Net: Unknown Pin: Pin R1-2
Add Pin To Net: Unknown Pin: Pin R2-1
Add Pin To Net: Unknown Pin: Pin R2-2
Add Pin To Net: Unknown Pin: Pin R3-1
Add Pin To Net: Unknown Pin: Pin R3-2
Add Pin To Net: Unknown Pin: Pin R4-1
Add Pin To Net: Unknown Pin: Pin R4-2
Add Pin To Net: Unknown Pin: Pin R5-1
Add Pin To Net: Unknown Pin: Pin R5-2
Add Pin To Net: Unknown Pin: Pin XW1-1
Add Pin To Net: Unknown Pin: Pin XW1-2
Add Pin To Net: Unknown Pin: Pin ZQ1-2
Add Pin To Net: Unknown Pin: Pin ZQ1-3
Add Pin To Net: Unknown Pin: Pin ZQ1-4
Add Pin To Net: Unknown Pin: Pin ZQ1-6
Add Class Member: Failed to add class member : Component C1 Capacitors
Add Class Member: Failed to add class member : Component C2 Capacitors
Add Class Member: Failed to add class member : Component C3 Capacitors
Add Class Member: Failed to add class member : Component C4 Capacitors
Add Class Member: Failed to add class member : Component C5 Capacitors
Add Class Member: Failed to add class member : Component C6 Capacitors
Add Class Member: Failed to add class member : Component C7 Capacitors
Add Class Member: Failed to add class member : Component C8 Capacitors
Add Class Member: Failed to add class member : Component C9 Capacitors
Add Class Member: Failed to add class member : Component C10 Capacitors
Add Class Member: Failed to add class member : Component C11 Capacitors
Add Class Member: Failed to add class member : Component C12 Capacitors
Add Class Member: Failed to add class member : Component C13 Capacitors
Add Class Member: Failed to add class member : Component C14 Capacitors
Add Class Member: Failed to add class member : Component C15 Capacitors
Add Class Member: Failed to add class member : Component C16 Capacitors
Add Class Member: Failed to add class member : Component C17 Capacitors
Add Class Member: Failed to add class member : Component C18 Capacitors
Add Class Member: Failed to add class member : Component C19 Capacitors
Add Class Member: Failed to add class member : Component C20 Capacitors
Add Class Member: Failed to add class member : Component C21 Capacitors
Add Class Member: Failed to add class member : Component C22 Capacitors
Add Class Member: Failed to add class member : Component C23 Capacitors
Add Class Member: Failed to add class member : Component C24 Capacitors
Add Class Member: Failed to add class member : Component C25 Capacitors
Add Class Member: Failed to add class member : Component C26 Capacitors
Add Class Member: Failed to add class member : Component C27 Capacitors
Add Class Member: Failed to add class member : Component C28 Capacitors
Add Class Member: Failed to add class member : Component DD1 ADF4351BCPZ
Add Class Member: Failed to add class member : Component DD2 BD1631J50100AHF
Add Class Member: Failed to add class member : Component DD3 SN74AHCT1G125DBVR
Add Class Member: Failed to add class member : Component DD4 SN74AHCT1G125DBVR
Add Class Member: Failed to add class member : Component DD5 SN74AHCT1G125DBVR
Add Class Member: Failed to add class member : Component DD6 SN74AHCT1G125DBVR
Add Class Member: Failed to add class member : Component DD7 SN74AHCT1G125DBVR
Add Class Member: Failed to add class member : Component DD8 SN74AHCT1G125DBVR
Add Class Member: Failed to add class member : Component L1 0603HP-18NXJE
Add Class Member: Failed to add class member : Component R1 Resistor
Add Class Member: Failed to add class member : Component R2 4K7
Add Class Member: Failed to add class member : Component R3 680
Add Class Member: Failed to add class member : Component R4 120
Add Class Member: Failed to add class member : Component R5 Resistor
Add Class Member: Failed to add class member : Component XW1 J01151A0201
Add Class Member: Failed to add class member : Component ZQ1 √ 1010-TK
