Removed Pin From Net: NetName=+3.3V Pin=DD1-1
Change Component Footprint: Designator=DD2 Old Footprint=0805_a - long_pin New Footprint=0805_a
Added Pin To Net: NetName=REF_IN Pin=C1-1
Added Pin To Net: NetName=NetC1_2 Pin=C1-2
Added Pin To Net: NetName=NetC2_1 Pin=C2-1
Added Pin To Net: NetName=GND Pin=C2-2
Added Pin To Net: NetName=NetC2_1 Pin=C3-1
Added Pin To Net: NetName=GND Pin=C3-2
Added Pin To Net: NetName=NetC4_1 Pin=C4-1
Added Pin To Net: NetName=GND Pin=C4-2
Added Pin To Net: NetName=NetC4_1 Pin=C5-1
Added Pin To Net: NetName=GND Pin=C5-2
Added Pin To Net: NetName=NetC6_1 Pin=C6-1
Added Pin To Net: NetName=GND Pin=C6-2
Added Pin To Net: NetName=NetC6_1 Pin=C7-1
Added Pin To Net: NetName=GND Pin=C7-2
Added Pin To Net: NetName=+3.3V Pin=C8-1
Added Pin To Net: NetName=GND Pin=C8-2
Added Pin To Net: NetName=GND Pin=C9-1
Added Pin To Net: NetName=+3.3V Pin=C9-2
Added Pin To Net: NetName=+3.3V Pin=C10-1
Added Pin To Net: NetName=GND Pin=C10-2
Added Pin To Net: NetName=GND Pin=C11-1
Added Pin To Net: NetName=+3.3V Pin=C11-2
Added Pin To Net: NetName=+3.3V Pin=C12-1
Added Pin To Net: NetName=GND Pin=C12-2
Added Pin To Net: NetName=GND Pin=C13-1
Added Pin To Net: NetName=+3.3V Pin=C13-2
Added Pin To Net: NetName=+3.3V Pin=C14-1
Added Pin To Net: NetName=GND Pin=C14-2
Added Pin To Net: NetName=GND Pin=C15-1
Added Pin To Net: NetName=+3.3V Pin=C15-2
Added Pin To Net: NetName=+3.3V Pin=C16-1
Added Pin To Net: NetName=GND Pin=C16-2
Added Pin To Net: NetName=GND Pin=C17-1
Added Pin To Net: NetName=+3.3V Pin=C17-2
Added Pin To Net: NetName=NetC18_1 Pin=C18-1
Added Pin To Net: NetName=NetC18_2 Pin=C18-2
Added Pin To Net: NetName=GND Pin=C19-1
Added Pin To Net: NetName=NetC19_2 Pin=C19-2
Added Pin To Net: NetName=+3.3V Pin=C20-1
Added Pin To Net: NetName=GND Pin=C20-2
Added Pin To Net: NetName=GND Pin=C21-1
Added Pin To Net: NetName=+3.3V Pin=C21-2
Added Pin To Net: NetName=GND Pin=C22-1
Added Pin To Net: NetName=+3.3V Pin=C22-2
Added Pin To Net: NetName=CLK Pin=DD1-1
Added Pin To Net: NetName=DATA Pin=DD1-2
Added Pin To Net: NetName=LE Pin=DD1-3
Added Pin To Net: NetName=+3.3V Pin=DD1-4
Added Pin To Net: NetName=NetDD1_5 Pin=DD1-5
Added Pin To Net: NetName=+3.3V Pin=DD1-6
Added Pin To Net: NetName=NetC18_1 Pin=DD1-7
Added Pin To Net: NetName=GND Pin=DD1-8
Added Pin To Net: NetName=GND Pin=DD1-9
Added Pin To Net: NetName=+3.3V Pin=DD1-10
Added Pin To Net: NetName=GND Pin=DD1-11
Added Pin To Net: NetName=RFOutA_P Pin=DD1-12
Added Pin To Net: NetName=RFOutA_N Pin=DD1-13
Added Pin To Net: NetName=+3.3V Pin=DD1-16
Added Pin To Net: NetName=+3.3V Pin=DD1-17
Added Pin To Net: NetName=GND Pin=DD1-18
Added Pin To Net: NetName=NetC2_1 Pin=DD1-19
Added Pin To Net: NetName=NetC19_2 Pin=DD1-20
Added Pin To Net: NetName=GND Pin=DD1-21
Added Pin To Net: NetName=NetDD1_22 Pin=DD1-22
Added Pin To Net: NetName=NetC4_1 Pin=DD1-23
Added Pin To Net: NetName=NetC6_1 Pin=DD1-24
Added Pin To Net: NetName=LD Pin=DD1-25
Added Pin To Net: NetName=+3.3V Pin=DD1-26
Added Pin To Net: NetName=GND Pin=DD1-27
Added Pin To Net: NetName=+3.3V Pin=DD1-28
Added Pin To Net: NetName=NetC1_2 Pin=DD1-29
Added Pin To Net: NetName=MUXOUT Pin=DD1-30
Added Pin To Net: NetName=GND Pin=DD1-31
Added Pin To Net: NetName=+3.3V Pin=DD1-32
Added Pin To Net: NetName=GND Pin=DD1-33
Added Pin To Net: NetName=NetDD2_1 Pin=DD2-1
Added Pin To Net: NetName=NetDD2_2 Pin=DD2-2
Added Pin To Net: NetName=RFOutA_N Pin=DD2-3
Added Pin To Net: NetName=RFOutA_P Pin=DD2-4
Added Pin To Net: NetName=GND Pin=DD2-5
Added Pin To Net: NetName=GND Pin=DD2-6
Added Pin To Net: NetName=NetDD2_2 Pin=L1-1
Added Pin To Net: NetName=+3.3V Pin=L1-2
Added Pin To Net: NetName=SW Pin=R1-1
Added Pin To Net: NetName=NetDD1_5 Pin=R1-2
Added Pin To Net: NetName=GND Pin=R2-1
Added Pin To Net: NetName=NetDD1_22 Pin=R2-2
Added Pin To Net: NetName=NetC18_1 Pin=R3-1
Added Pin To Net: NetName=NetC19_2 Pin=R3-2
Added Pin To Net: NetName=NetC18_2 Pin=R4-1
Added Pin To Net: NetName=SW Pin=R4-2
Added Pin To Net: NetName=SW Pin=R5-1
Added Pin To Net: NetName=GND Pin=R5-2
Added Pin To Net: NetName=NetDD2_1 Pin=XW1-1
Added Pin To Net: NetName=GND Pin=XW1-2
Added Pin To Net: NetName=GND Pin=XW1-2
Added Pin To Net: NetName=GND Pin=XW1-2
Added Pin To Net: NetName=GND Pin=XW1-2
Added Pin To Net: NetName=+3.3V Pin=ZQ1-2
Added Pin To Net: NetName=GND Pin=ZQ1-3
Added Pin To Net: NetName=REF_IN Pin=ZQ1-4
Added Pin To Net: NetName=+3.3V Pin=ZQ1-6
Added Member To Class: ClassName=Synthesizer Member=Component C1 Capacitors
Added Member To Class: ClassName=Synthesizer Member=Component C2 Capacitors
Added Member To Class: ClassName=Synthesizer Member=Component C3 Capacitors
Added Member To Class: ClassName=Synthesizer Member=Component C4 Capacitors
Added Member To Class: ClassName=Synthesizer Member=Component C5 Capacitors
Added Member To Class: ClassName=Synthesizer Member=Component C6 Capacitors
Added Member To Class: ClassName=Synthesizer Member=Component C7 Capacitors
Added Member To Class: ClassName=Synthesizer Member=Component C8 Capacitors
Added Member To Class: ClassName=Synthesizer Member=Component C9 Capacitors
Added Member To Class: ClassName=Synthesizer Member=Component C10 Capacitors
Added Member To Class: ClassName=Synthesizer Member=Component C11 Capacitors
Added Member To Class: ClassName=Synthesizer Member=Component C12 Capacitors
Added Member To Class: ClassName=Synthesizer Member=Component C13 Capacitors
Added Member To Class: ClassName=Synthesizer Member=Component C14 Capacitors
Added Member To Class: ClassName=Synthesizer Member=Component C15 Capacitors
Added Member To Class: ClassName=Synthesizer Member=Component C16 Capacitors
Added Member To Class: ClassName=Synthesizer Member=Component C17 Capacitors
Added Member To Class: ClassName=Synthesizer Member=Component C18 Capacitors
Added Member To Class: ClassName=Synthesizer Member=Component C19 Capacitors
Added Member To Class: ClassName=Synthesizer Member=Component C20 Capacitors
Added Member To Class: ClassName=Synthesizer Member=Component C21 Capacitors
Added Member To Class: ClassName=Synthesizer Member=Component C22 Capacitors
Added Member To Class: ClassName=Synthesizer Member=Component DD1 ADF4351BCPZ
Added Member To Class: ClassName=Synthesizer Member=Component DD2 BD1631J50100AHF
Added Member To Class: ClassName=Synthesizer Member=Component L1 0603HP-18NXJE
Added Member To Class: ClassName=Synthesizer Member=Component R1 Resistor
Added Member To Class: ClassName=Synthesizer Member=Component R2 4K7
Added Member To Class: ClassName=Synthesizer Member=Component R3 680
Added Member To Class: ClassName=Synthesizer Member=Component R4 120
Added Member To Class: ClassName=Synthesizer Member=Component R5 Resistor
Added Member To Class: ClassName=Synthesizer Member=Component XW1 J01151A0201
Added Member To Class: ClassName=Synthesizer Member=Component ZQ1 √ 1010-TK
