Change component parameters: Designator = "XP2" ("XP2"); Footprint = "09 23 148 6921"; UniqueID = "\CHFOFRDP" ("\CHFOFRDP")
Change component parameters (AddParameter): Name = "Category"; Value = "Разъёмы"; VariantName = "[No Variations]"
Change component parameters (AddParameter): Name = "ComponentLink1Description"; Value = "Datasheet"; VariantName = "[No Variations]"
Change component parameters (AddParameter): Name = "ComponentLink1URL"; Value = "https://b2b.harting.com/files/download/PRD/PDF_DS/09031200201_100580147DRW000B.pdf"; VariantName = "[No Variations]"
Change component parameters (AddParameter): Name = "Connector Type"; Value = "Header, Male Pins"; VariantName = "[No Variations]"
Change component parameters (AddParameter): Name = "Contact Finish"; Value = "-"; VariantName = "[No Variations]"
Change component parameters (AddParameter): Name = "Contact Finish Thickness"; Value = "-"; VariantName = "[No Variations]"
Change component parameters (AddParameter): Name = "Current Rating"; Value = "-"; VariantName = "[No Variations]"
Change component parameters (AddParameter): Name = "Features"; Value = "-"; VariantName = "[No Variations]"
Change component parameters (AddParameter): Name = "Function"; Value = "просто так"; VariantName = "[No Variations]"
Change component parameters (AddParameter): Name = "HelpURL"; Value = "https://b2b.harting.com/ebusiness/en_us/DIN-Signal-2C048MS-1C1-2/09231486921"; VariantName = "[No Variations]"
Change component parameters (AddParameter): Name = "Manufacturer"; Value = "HARTING"; VariantName = "[No Variations]"
Change component parameters (AddParameter): Name = "Manufacturer Part Number"; Value = "09231486921"; VariantName = "[No Variations]"
Change component parameters (AddParameter): Name = "Material - Insulation"; Value = "Thermoplastic resin, Glass-fibre Filled"; VariantName = "[No Variations]"
Change component parameters (AddParameter): Name = "Material Flammability Rating"; Value = "UL94 V-0"; VariantName = "[No Variations]"
Change component parameters (AddParameter): Name = "Mounting Type"; Value = "Through Hole, Right Angle"; VariantName = "[No Variations]"
Change component parameters (AddParameter): Name = "Number of Contacts"; Value = "48"; VariantName = "[No Variations]"
Change component parameters (AddParameter): Name = "Number of Positions Loaded"; Value = "All"; VariantName = "[No Variations]"
Change component parameters (AddParameter): Name = "Operating Temperature"; Value = "-"; VariantName = "[No Variations]"
Change component parameters (AddParameter): Name = "Packaging"; Value = "Bulk"; VariantName = "[No Variations]"
Change component parameters (AddParameter): Name = "Packaging size"; Value = "20"; VariantName = "[No Variations]"
Change component parameters (AddParameter): Name = "Part Status"; Value = "Active"; VariantName = "[No Variations]"
Change component parameters (AddParameter): Name = "Pitch"; Value = "0.100" (2.54mm)"; VariantName = "[No Variations]"
Change component parameters (AddParameter): Name = "RoHS"; Value = "RoHS Compliant"; VariantName = "[No Variations]"
Change component parameters (AddParameter): Name = "Style"; Value = "C"; VariantName = "[No Variations]"
Change component parameters (AddParameter): Name = "Termination"; Value = "Solder"; VariantName = "[No Variations]"
Change component parameters (AddParameter): Name = "Разработчик"; Value = "Леткин Д."; VariantName = "[No Variations]"
Add Component: Footprint Not Found SMD 0402 (1005) max
Add Component: Footprint Not Found SMD 0603 (1608) min
Add Component: Footprint Not Found SMD 0603 (1608) min
Add Component: Footprint Not Found SMD 0603 (1608) min
Add Component: Footprint Not Found SMD 0603 (1608) min
Add Component: Footprint Not Found SMD 0603 (1608) min
Add Component: Footprint Not Found SMD 0603 (1608) min
Add Component: Footprint Not Found SMD 0603 (1608) min
Add Component: Footprint Not Found SMD 0603 (1608) min
Add Component: Footprint Not Found SMD 0603 (1608) min
Add Component: Footprint Not Found SMD 0603 (1608) min
Add Component: Footprint Not Found SMD 0603 (1608) min
Add Component: Footprint Not Found SMD 0603 (1608) min
Add Component: Footprint Not Found SMD 0603 (1608) min
Add Component: Footprint Not Found SMD 0603 (1608) min
Add Component: Footprint Not Found SMD 0603 (1608) min
Add Component: Footprint Not Found SMD 0603 (1608) min
Add Component: Footprint Not Found SMD 0603 (1608) min
Add Component: Footprint Not Found SMD 0603 (1608) min
Add Component: Footprint Not Found SMD 0603 (1608) min
Add Component: Footprint Not Found SMD 0603 (1608) min
Add Component: Footprint Not Found SMD 0603 (1608) max
Added Component: Designator=DD1(LFCSP-32  Long Pin - with VIA)
Add component (AddParameter): Name = "Case/Package"; Value = "LFCSP-32"; VariantName = "[No Variations]"
Add component (AddParameter): Name = "Category"; Value = "Микросхемы"; VariantName = "[No Variations]"
Add component (AddParameter): Name = "ComponentLink1Description"; Value = "datasheet"; VariantName = "[No Variations]"
Add component (AddParameter): Name = "ComponentLink1URL"; Value = "https://www.analog.com/media/en/technical-documentation/data-sheets/ADF4351.pdf"; VariantName = "[No Variations]"
Add component (AddParameter): Name = "ComponentLink2Description"; Value = "Mouser"; VariantName = "[No Variations]"
Add component (AddParameter): Name = "ComponentLink2URL"; Value = "https://ru.mouser.com/ProductDetail/Analog-Devices/ADF4351BCPZ?qs=BpaRKvA4VqFCiUOrGPcIQw%3D%3D"; VariantName = "[No Variations]"
Add component (AddParameter): Name = "Frequency"; Value = "4.4GHz"; VariantName = "[No Variations]"
Add component (AddParameter): Name = "Input"; Value = "CMOS"; VariantName = "[No Variations]"
Add component (AddParameter): Name = "Interface"; Value = "SPI"; VariantName = "[No Variations]"
Add component (AddParameter): Name = "Manufacturer"; Value = "Analog Devices"; VariantName = "[No Variations]"
Add component (AddParameter): Name = "Manufacturer Part Number"; Value = "ADF4351BCPZ"; VariantName = "[No Variations]"
Add component (AddParameter): Name = "Max Frequency"; Value = "4.4GHz"; VariantName = "[No Variations]"
Add component (AddParameter): Name = "Max Operating Temperature"; Value = "85°C"; VariantName = "[No Variations]"
Add component (AddParameter): Name = "Min Operating Temperature"; Value = "-40°C"; VariantName = "[No Variations]"
Add component (AddParameter): Name = "Min Supply Voltage"; Value = "3V"; VariantName = "[No Variations]"
Add component (AddParameter): Name = "Nominal Supply Current"; Value = "110mA"; VariantName = "[No Variations]"
Add component (AddParameter): Name = "Operating Supply Voltage"; Value = "3.3V"; VariantName = "[No Variations]"
Add component (AddParameter): Name = "PLL"; Value = "Yes"; VariantName = "[No Variations]"
Add component (AddParameter): Name = "Разработчик"; Value = "Леткин Д.С."; VariantName = "[No Variations]"
Added Component: Designator=DD2(0805_a)
Add component (AddParameter): Name = "Case Code (Imperial)"; Value = "0805"; VariantName = "[No Variations]"
Add component (AddParameter): Name = "Category"; Value = "Микросхемы"; VariantName = "[No Variations]"
Add component (AddParameter): Name = "ComponentLink1Description"; Value = "datasheet"; VariantName = "[No Variations]"
Add component (AddParameter): Name = "ComponentLink1URL"; Value = "https://cdn.anaren.com/product-documents/Xinger/BalunTransformers/BD1631J50100AHF/BD1631J50100AHF_DataSheet(Rev_K).pdf"; VariantName = "[No Variations]"
Add component (AddParameter): Name = "ComponentLink2Description"; Value = "Anaren"; VariantName = "[No Variations]"
Add component (AddParameter): Name = "ComponentLink2URL"; Value = "https://www.anaren.com/catalog/xinger/subminiature-components"; VariantName = "[No Variations]"
Add component (AddParameter): Name = "Contact Plating"; Value = "Gold"; VariantName = "[No Variations]"
Add component (AddParameter): Name = "Frequency"; Value = "1.6 - 3.1GHz"; VariantName = "[No Variations]"
Add component (AddParameter): Name = "Impedance"; Value = "100R"; VariantName = "[No Variations]"
Add component (AddParameter): Name = "Insertion Loss"; Value = "0.6dB"; VariantName = "[No Variations]"
Add component (AddParameter): Name = "Manufacturer"; Value = "Anaren"; VariantName = "[No Variations]"
Add component (AddParameter): Name = "Manufacturer Part Number"; Value = "BD1631J50100AHF"; VariantName = "[No Variations]"
Add component (AddParameter): Name = "Max Operating Temperature"; Value = "85°C"; VariantName = "[No Variations]"
Add component (AddParameter): Name = "Min Operating Temperature"; Value = "-55°C"; VariantName = "[No Variations]"
Add component (AddParameter): Name = "Number of Pins"; Value = "6"; VariantName = "[No Variations]"
Add component (AddParameter): Name = "Разработчик"; Value = "Леткин Д.С."; VariantName = "[No Variations]"
Added Component: Designator=L1(0603HP)
Add component (AddParameter): Name = "Category"; Value = "Катушки индуктивности"; VariantName = "[No Variations]"
Add component (AddParameter): Name = "ComponentLink1Description"; Value = "datasheet"; VariantName = "[No Variations]"
Add component (AddParameter): Name = "ComponentLink1URL"; Value = "https://www.coilcraft.com/pdfs/0603hp.pdf"; VariantName = "[No Variations]"
Add component (AddParameter): Name = "ComponentLink2Description"; Value = "Coilcraft"; VariantName = "[No Variations]"
Add component (AddParameter): Name = "ComponentLink2URL"; Value = "https://www.coilcraft.com/0603hp.cfm"; VariantName = "[No Variations]"
Add component (AddParameter): Name = "Manufacturer"; Value = "Coilcraft"; VariantName = "[No Variations]"
Add component (AddParameter): Name = "Manufacturer Part Number"; Value = "0603HP-18NXJE"; VariantName = "[No Variations]"
Add component (AddParameter): Name = "Разработчик"; Value = "Леткин Д.С."; VariantName = "[No Variations]"
Add Component: Footprint Not Found Resistor SMD 0603 (1608) min
Add Component: Footprint Not Found 0603R-4K7
Add Component: Footprint Not Found 0603R-4K7
Add Component: Footprint Not Found 0603R-4K7
Add Component: Footprint Not Found Resistor SMD 0603 (1608) min
Added Component: Designator=XW1(J01151A0201)
Add component (AddParameter): Name = "Category"; Value = "Разъёмы"; VariantName = "[No Variations]"
Add component (AddParameter): Name = "ComponentLink1Description"; Value = "https://www.alliedelec.com/m/d/98f426e0d5bb6ee5532bde4cab502770.pdf"; VariantName = "[No Variations]"
Add component (AddParameter): Name = "ComponentLink1URL"; Value = "https://www.alliedelec.com/m/d/98f426e0d5bb6ee5532bde4cab502770.pdf"; VariantName = "[No Variations]"
Add component (AddParameter): Name = "ComponentLink2Description"; Value = "https://www.alliedelec.com/-j01151a0201/70884022/"; VariantName = "[No Variations]"
Add component (AddParameter): Name = "ComponentLink2URL"; Value = "https://www.alliedelec.com/-j01151a0201/70884022/"; VariantName = "[No Variations]"
Add component (AddParameter): Name = "Manufacturer"; Value = "Telegartner"; VariantName = "[No Variations]"
Add component (AddParameter): Name = "Manufacturer Part Number"; Value = "J01151A0201"; VariantName = "[No Variations]"
Add component (AddParameter): Name = "Pricing 1"; Value = "1=11.2500 (USD)"; VariantName = "[No Variations]"
Add component (AddParameter): Name = "RoHS"; Value = "No"; VariantName = "[No Variations]"
Add component (AddParameter): Name = "Stock 1"; Value = "509"; VariantName = "[No Variations]"
Add component (AddParameter): Name = "Supplier 1"; Value = "Allied"; VariantName = "[No Variations]"
Add component (AddParameter): Name = "Supplier Part Number 1"; Value = "70884022"; VariantName = "[No Variations]"
Added Component: Designator=ZQ1(DIL-8)
Add component (AddParameter): Name = "Case/Package"; Value = "DIL 8"; VariantName = "[No Variations]"
Add component (AddParameter): Name = "Category"; Value = "Фильтры"; VariantName = "[No Variations]"
Add component (AddParameter): Name = "ComponentLink1Description"; Value = "datasheet"; VariantName = "[No Variations]"
Add component (AddParameter): Name = "ComponentLink1URL"; Value = "http://bmgplus.ru/images/pdf/pdf1010_tcxo.pdf"; VariantName = "[No Variations]"
Add component (AddParameter): Name = "Manufacturer"; Value = "БМГ ПЛЮС"; VariantName = "[No Variations]"
Add component (AddParameter): Name = "Manufacturer Part Number"; Value = "ГК1010-TK"; VariantName = "[No Variations]"
Add component (AddParameter): Name = "Джиттер, пс"; Value = "0,8"; VariantName = "[No Variations]"
Add component (AddParameter): Name = "Нагрузка, пФ"; Value = "15"; VariantName = "[No Variations]"
Add component (AddParameter): Name = "Питание,В"; Value = "3.3"; VariantName = "[No Variations]"
Add component (AddParameter): Name = "Потребляемый ток, мA"; Value = "35"; VariantName = "[No Variations]"
Add component (AddParameter): Name = "Разработчик"; Value = "Леткин Д.С."; VariantName = "[No Variations]"
Add component (AddParameter): Name = "Частота, МГц"; Value = "10 - 250"; VariantName = "[No Variations]"
Add Pin To Net: Unknown Pin: Pin C1-1
Add Pin To Net: Unknown Pin: Pin C1-2
Add Pin To Net: Unknown Pin: Pin C2-1
Add Pin To Net: Unknown Pin: Pin C2-2
Add Pin To Net: Unknown Pin: Pin C3-1
Add Pin To Net: Unknown Pin: Pin C3-2
Add Pin To Net: Unknown Pin: Pin C4-1
Add Pin To Net: Unknown Pin: Pin C4-2
Add Pin To Net: Unknown Pin: Pin C5-1
Add Pin To Net: Unknown Pin: Pin C5-2
Add Pin To Net: Unknown Pin: Pin C6-1
Add Pin To Net: Unknown Pin: Pin C6-2
Add Pin To Net: Unknown Pin: Pin C7-1
Add Pin To Net: Unknown Pin: Pin C7-2
Add Pin To Net: Unknown Pin: Pin C8-1
Add Pin To Net: Unknown Pin: Pin C8-2
Add Pin To Net: Unknown Pin: Pin C9-1
Add Pin To Net: Unknown Pin: Pin C9-2
Add Pin To Net: Unknown Pin: Pin C10-1
Add Pin To Net: Unknown Pin: Pin C10-2
Add Pin To Net: Unknown Pin: Pin C11-1
Add Pin To Net: Unknown Pin: Pin C11-2
Add Pin To Net: Unknown Pin: Pin C12-1
Add Pin To Net: Unknown Pin: Pin C12-2
Add Pin To Net: Unknown Pin: Pin C13-1
Add Pin To Net: Unknown Pin: Pin C13-2
Add Pin To Net: Unknown Pin: Pin C14-1
Add Pin To Net: Unknown Pin: Pin C14-2
Add Pin To Net: Unknown Pin: Pin C15-1
Add Pin To Net: Unknown Pin: Pin C15-2
Add Pin To Net: Unknown Pin: Pin C16-1
Add Pin To Net: Unknown Pin: Pin C16-2
Add Pin To Net: Unknown Pin: Pin C17-1
Add Pin To Net: Unknown Pin: Pin C17-2
Add Pin To Net: Unknown Pin: Pin C18-1
Add Pin To Net: Unknown Pin: Pin C18-2
Add Pin To Net: Unknown Pin: Pin C19-1
Add Pin To Net: Unknown Pin: Pin C19-2
Add Pin To Net: Unknown Pin: Pin C20-1
Add Pin To Net: Unknown Pin: Pin C20-2
Add Pin To Net: Unknown Pin: Pin C21-1
Add Pin To Net: Unknown Pin: Pin C21-2
Add Pin To Net: Unknown Pin: Pin C22-1
Add Pin To Net: Unknown Pin: Pin C22-2
Added Pin To Net: NetName=CLK Pin=DD1-1
Added Pin To Net: NetName=DATA Pin=DD1-2
Added Pin To Net: NetName=LE Pin=DD1-3
Added Pin To Net: NetName=+3.3V Pin=DD1-4
Added Pin To Net: NetName=NetDD1_5 Pin=DD1-5
Added Pin To Net: NetName=+3.3V Pin=DD1-6
Added Pin To Net: NetName=NetC18_1 Pin=DD1-7
Added Pin To Net: NetName=GND Pin=DD1-8
Added Pin To Net: NetName=GND Pin=DD1-9
Added Pin To Net: NetName=+3.3V Pin=DD1-10
Added Pin To Net: NetName=GND Pin=DD1-11
Added Pin To Net: NetName=RFOutA_P Pin=DD1-12
Added Pin To Net: NetName=RFOutA_N Pin=DD1-13
Added Pin To Net: NetName=+3.3V Pin=DD1-16
Added Pin To Net: NetName=+3.3V Pin=DD1-17
Added Pin To Net: NetName=GND Pin=DD1-18
Added Pin To Net: NetName=NetC2_1 Pin=DD1-19
Added Pin To Net: NetName=NetC19_2 Pin=DD1-20
Added Pin To Net: NetName=GND Pin=DD1-21
Added Pin To Net: NetName=NetDD1_22 Pin=DD1-22
Added Pin To Net: NetName=NetC4_1 Pin=DD1-23
Added Pin To Net: NetName=NetC6_1 Pin=DD1-24
Added Pin To Net: NetName=LD Pin=DD1-25
Added Pin To Net: NetName=+3.3V Pin=DD1-26
Added Pin To Net: NetName=GND Pin=DD1-27
Added Pin To Net: NetName=+3.3V Pin=DD1-28
Added Pin To Net: NetName=NetC1_2 Pin=DD1-29
Added Pin To Net: NetName=MUXOUT Pin=DD1-30
Added Pin To Net: NetName=GND Pin=DD1-31
Added Pin To Net: NetName=+3.3V Pin=DD1-32
Added Pin To Net: NetName=GND Pin=DD1-33
Added Pin To Net: NetName=NetDD2_1 Pin=DD2-1
Added Pin To Net: NetName=NetDD2_2 Pin=DD2-2
Added Pin To Net: NetName=RFOutA_N Pin=DD2-3
Added Pin To Net: NetName=RFOutA_P Pin=DD2-4
Added Pin To Net: NetName=GND Pin=DD2-5
Added Pin To Net: NetName=GND Pin=DD2-6
Added Pin To Net: NetName=NetDD2_2 Pin=L1-1
Added Pin To Net: NetName=+3.3V Pin=L1-2
Add Pin To Net: Unknown Pin: Pin R1-1
Add Pin To Net: Unknown Pin: Pin R1-2
Add Pin To Net: Unknown Pin: Pin R2-1
Add Pin To Net: Unknown Pin: Pin R2-2
Add Pin To Net: Unknown Pin: Pin R3-1
Add Pin To Net: Unknown Pin: Pin R3-2
Add Pin To Net: Unknown Pin: Pin R4-1
Add Pin To Net: Unknown Pin: Pin R4-2
Add Pin To Net: Unknown Pin: Pin R5-1
Add Pin To Net: Unknown Pin: Pin R5-2
Added Pin To Net: NetName=NetDD2_1 Pin=XW1-1
Added Pin To Net: NetName=GND Pin=XW1-2
Added Pin To Net: NetName=GND Pin=XW1-2
Added Pin To Net: NetName=GND Pin=XW1-2
Added Pin To Net: NetName=GND Pin=XW1-2
Added Pin To Net: NetName=+3.3V Pin=ZQ1-2
Added Pin To Net: NetName=GND Pin=ZQ1-3
Added Pin To Net: NetName=REF_IN Pin=ZQ1-4
Added Pin To Net: NetName=+3.3V Pin=ZQ1-6
Add Class Member: Failed to add class member : Component C1 Capacitors
Add Class Member: Failed to add class member : Component C2 Capacitors
Add Class Member: Failed to add class member : Component C3 Capacitors
Add Class Member: Failed to add class member : Component C4 Capacitors
Add Class Member: Failed to add class member : Component C5 Capacitors
Add Class Member: Failed to add class member : Component C6 Capacitors
Add Class Member: Failed to add class member : Component C7 Capacitors
Add Class Member: Failed to add class member : Component C8 Capacitors
Add Class Member: Failed to add class member : Component C9 Capacitors
Add Class Member: Failed to add class member : Component C10 Capacitors
Add Class Member: Failed to add class member : Component C11 Capacitors
Add Class Member: Failed to add class member : Component C12 Capacitors
Add Class Member: Failed to add class member : Component C13 Capacitors
Add Class Member: Failed to add class member : Component C14 Capacitors
Add Class Member: Failed to add class member : Component C15 Capacitors
Add Class Member: Failed to add class member : Component C16 Capacitors
Add Class Member: Failed to add class member : Component C17 Capacitors
Add Class Member: Failed to add class member : Component C18 Capacitors
Add Class Member: Failed to add class member : Component C19 Capacitors
Add Class Member: Failed to add class member : Component C20 Capacitors
Add Class Member: Failed to add class member : Component C21 Capacitors
Add Class Member: Failed to add class member : Component C22 Capacitors
Added Member To Class: ClassName=Synthesizer Member=Component DD1 ADF4351BCPZ
Added Member To Class: ClassName=Synthesizer Member=Component DD2 BD1631J50100AHF
Added Member To Class: ClassName=Synthesizer Member=Component L1 0603HP-18NXJE
Add Class Member: Failed to add class member : Component R1 Resistor
Add Class Member: Failed to add class member : Component R2 4K7
Add Class Member: Failed to add class member : Component R3 680
Add Class Member: Failed to add class member : Component R4 120
Add Class Member: Failed to add class member : Component R5 Resistor
Added Member To Class: ClassName=Synthesizer Member=Component XW1 J01151A0201
Added Member To Class: ClassName=Synthesizer Member=Component ZQ1 ГК1010-TK
