Removed Member From Class: ClassName=50_Om Member=NetU2_7
Added Pin To Net: NetName=+3.3V Pin=C44-1
Added Pin To Net: NetName=GND Pin=C44-2
Added Pin To Net: NetName=+6V Pin=C45-1
Added Pin To Net: NetName=GND Pin=C45-2
Added Pin To Net: NetName=+6V Pin=C46-1
Added Pin To Net: NetName=GND Pin=C46-2
Added Pin To Net: NetName=+6V Pin=C47-1
Added Pin To Net: NetName=GND Pin=C47-2
Added Pin To Net: NetName=+6V Pin=C48-1
Added Pin To Net: NetName=GND Pin=C48-2
Added Pin To Net: NetName=GND Pin=DD5-1
Added Pin To Net: NetName=GND Pin=DD5-3
Added Pin To Net: NetName=+6V Pin=DD5-5
Added Pin To Net: NetName=GND Pin=DD6-1
Added Pin To Net: NetName=GND Pin=DD6-3
Added Pin To Net: NetName=+6V Pin=DD6-5
Added Pin To Net: NetName=GND Pin=DD7-4
Added Pin To Net: NetName=+3.3V Pin=DD7-6
Added Pin To Net: NetName=+3.3V Pin=DD7-7
Added Pin To Net: NetName=+3.3V Pin=DD7-8
Added Pin To Net: NetName=GND Pin=DD8-1
Added Pin To Net: NetName=GND Pin=DD8-3
Added Pin To Net: NetName=+6V Pin=DD8-5
Added Pin To Net: NetName=GND Pin=DD9-1
Added Pin To Net: NetName=GND Pin=DD9-3
Added Pin To Net: NetName=+6V Pin=DD9-5
Added Pin To Net: NetName=NetDD5_2 Pin=DD5-2
Added Pin To Net: NetName=NetDD5_2 Pin=U2-7
Added Net: Name=NetDD5_2
Added Pin To Net: NetName=NetDD5_4 Pin=DD5-4
Added Pin To Net: NetName=NetDD5_4 Pin=DD6-2
Added Net: Name=NetDD5_4
Added Pin To Net: NetName=NetDD6_4 Pin=DD6-4
Added Pin To Net: NetName=NetDD6_4 Pin=DD7-1
Added Net: Name=NetDD6_4
Added Pin To Net: NetName=NetDD7_2 Pin=DD7-2
Added Pin To Net: NetName=NetDD7_2 Pin=DD7-3
Added Net: Name=NetDD7_2
Added Pin To Net: NetName=NetDD7_5 Pin=DD7-5
Added Pin To Net: NetName=NetDD7_5 Pin=DD8-2
Added Pin To Net: NetName=NetDD7_5 Pin=DD9-2
Added Net: Name=NetDD7_5
Added Pin To Net: NetName=NetDD8_4 Pin=DD8-4
Added Pin To Net: NetName=NetDD8_4 Pin=R16-2
Added Pin To Net: NetName=NetDD8_4 Pin=XW2-1
Added Net: Name=NetDD8_4
Added Pin To Net: NetName=NetDD9_4 Pin=DD9-4
Added Pin To Net: NetName=NetDD9_4 Pin=R16-1
Added Net: Name=NetDD9_4
Added Member To Class: ClassName=Synthesizer Member=Component C20 Capacitors
Added Member To Class: ClassName=Synthesizer Member=Component C44 Capacitors
Added Member To Class: ClassName=Synthesizer Member=Component C45 Capacitors
Added Member To Class: ClassName=Synthesizer Member=Component C46 Capacitors
Added Member To Class: ClassName=Synthesizer Member=Component C47 Capacitors
Added Member To Class: ClassName=Synthesizer Member=Component C48 Capacitors
Added Member To Class: ClassName=Synthesizer Member=Component DD5 SN74AHCT1G125DBVR
Added Member To Class: ClassName=Synthesizer Member=Component DD6 SN74AHCT1G125DBVR
Added Member To Class: ClassName=Synthesizer Member=Component DD7 74AUP1G74
Added Member To Class: ClassName=Synthesizer Member=Component DD8 SN74AHCT1G125DBVR
Added Member To Class: ClassName=Synthesizer Member=Component DD9 SN74AHCT1G125DBVR
Added Member To Class: ClassName=Synthesizer Member=Component R16 5R
Added Member To Class: ClassName=50_Om Member=Wire NetDD5_2
Added Member To Class: ClassName=50_Om Member=Wire NetDD5_4
Added Member To Class: ClassName=50_Om Member=Wire NetDD6_4
Added Member To Class: ClassName=50_Om Member=Wire NetDD7_5
Added Member To Class: ClassName=50_Om Member=Wire NetDD8_4
